<?xml version="1.0" encoding="UTF-8"?>
<testng-results skipped="0" failed="0" ignored="0" total="1" passed="1">
  <reporter-output>
  </reporter-output>
  <suite name="Default suite" duration-ms="3558" started-at="2021-01-17T19:53:09 IST" finished-at="2021-01-17T19:53:13 IST">
    <groups>
    </groups>
    <test name="Default test" duration-ms="3558" started-at="2021-01-17T19:53:09 IST" finished-at="2021-01-17T19:53:13 IST">
      <class name="com.API_Rest.sumofCalcualtion">
        <test-method status="PASS" signature="sumofCourse()[pri:0, instance:com.API_Rest.sumofCalcualtion@4f063c0a]" name="sumofCourse" duration-ms="3416" started-at="2021-01-17T19:53:09 IST" finished-at="2021-01-17T19:53:13 IST">
          <reporter-output>
          </reporter-output>
        </test-method> <!-- sumofCourse -->
      </class> <!-- com.API_Rest.sumofCalcualtion -->
    </test> <!-- Default test -->
  </suite> <!-- Default suite -->
</testng-results>
